<?xml version="1.0" encoding="UTF-8"?>
<testsuite name="latihan03.WithdrawTest" tests="2" skipped="0" failures="0" errors="0" timestamp="2019-09-10T04:08:50" hostname="dummy-S5M110G9" time="0.016">
  <properties/>
  <testcase name="testGetWithdraw" classname="latihan03.WithdrawTest" time="0.011"/>
  <testcase name="testSetWithdraw" classname="latihan03.WithdrawTest" time="0.003"/>
  <system-out><![CDATA[getWithdraw
setWithdraw
]]></system-out>
  <system-err><![CDATA[]]></system-err>
</testsuite>
